1654204804616	geckodriver	INFO	Listening on 127.0.0.1:52883
1654204807700	mozrunner::runner	INFO	Running command: "C:\\Program Files\\Mozilla Firefox\\firefox.exe" "--marionette" "--remote-debugging-port" "52884" "--remote-allow-hosts" "localhost" "-no-remote" "-profile" "C:\\Users\\bboyk\\AppData\\Local\\Temp\\rust_mozprofileAUnDP7"
1654204807966	Marionette	INFO	Marionette enabled
console.warn: SearchSettings: "get: No settings file exists, new profile?" (new NotFoundError("Could not open the file at C:\\Users\\bboyk\\AppData\\Local\\Temp\\rust_mozprofileAUnDP7\\search.json.mozlz4", (void 0)))
DevTools listening on ws://localhost:52884/devtools/browser/d8c7b293-57aa-440a-8125-7d540a9ddbbf
1654204809082	Marionette	INFO	Listening on port 52904
Read port: 52904
1654204809181	RemoteAgent	WARN	TLS certificate errors will be ignored for this session
JavaScript warning: https://www.amazon.com/ line 1882 > injectedScript, line 1: WEBGL_debug_renderer_info is deprecated in Firefox and will be removed. Please use RENDERER.
console.warn: LoginRecipes: "getRecipes: falling back to a synchronous message for:" "https://www.amazon.com"
JavaScript warning: https://www.amazon.com/s?k=Ferrari+458&ref=nb_sb_noss line 5132 > injectedScript, line 1: WEBGL_debug_renderer_info is deprecated in Firefox and will be removed. Please use RENDERER.
JavaScript warning: https://www.amazon.com/BEZGAR-Remote-Control-Car-%EF%BC%8CElectric/dp/B097GLLF7G/ref=sr_1_1_sspa?keywords=Ferrari+458&qid=1654204809&sr=8-1-spons&psc=1&spLa=ZW5jcnlwdGVkUXVhbGlmaWVyPUEyTjBBVFZOQjVBVjFJJmVuY3J5cHRlZElkPUEwNjc5Mzc2M0oxN0tJTUFYTlNKMiZlbmNyeXB0ZWRBZElkPUEwNTY3MzIySDdNVkVHQk5GOU9EJndpZGdldE5hbWU9c3BfYXRmJmFjdGlvbj1jbGlja1JlZGlyZWN0JmRvTm90TG9nQ2xpY2s9dHJ1ZQ== line 10481 > injectedScript, line 1: WEBGL_debug_renderer_info is deprecated in Firefox and will be removed. Please use RENDERER.
JavaScript warning: https://www.amazon.com/ line 1915 > injectedScript, line 1: WEBGL_debug_renderer_info is deprecated in Firefox and will be removed. Please use RENDERER.
JavaScript warning: https://www.amazon.com/s?k=gaming+headsets&pd_rd_r=1c343a3a-b553-40a6-95a1-1d4ef4bd3993&pd_rd_w=zLRLQ&pd_rd_wg=5l4Ou&pf_rd_p=12129333-2117-4490-9c17-6d31baf0582a&pf_rd_r=1H7KGGNQVQRD1S75YHQW&ref=pd_gw_unk line 8740 > injectedScript, line 1: WEBGL_debug_renderer_info is deprecated in Firefox and will be removed. Please use RENDERER.

###!!! [Child][PGPUChild] Error: Send(msgname=PGPU::Msg_ShutdownVR) Channel error: cannot send/recv

[GFX1-]: Receive IPC close with reason=AbnormalShutdown
[GFX1-]: Receive IPC close with reason=AbnormalSh[GFX1-]: Reutdceivown
e IPC close with reason=AbnormalShutdown

###!!! [Child][PCompositorManagerChild] Error: Send(msgname=PWebRenderBridge::Msg_Shutdown) Channel error: cannot send/recv


###!!! [Child][PCompositorManagerChild] Error: Send(msgname=PTexture::Msg_Destroy) Channel error: cannot send/recv


###!!! [Child][PCompositorManagerChild] Error: Send(msgname=PAPZ::Msg_Destroy) Channel error: cannot send/recv


###!!! [Child][PCompositorManagerChild] Error: SendAndWait(msgname=PCompositorBridge::Msg_WillClose) Channel error: cannot send/recv


###!!! [Child][PCompositorManagerChild] Error: Send(msgname=PWebRenderBridge::Msg_Shutdown) Channel error: cannot send/recv


###!!! [Child][PCompositorManagerChild] Error: SendAndWait(msgname=PCompositorBridge::Msg_WillClose) Channel error: cannot send/recv

[GFX1-]: Receive IPC close with reason=AbnormalShutdown
[GFX1-]: Receive IPC close with reason=AbnormalShutdown

###!!! [Parent][PContentParent] Error: Send(msgname=PContent::Msg_ReinitRendering) Channel error: cannot send/recv

